  
 ---> Physical computation : PARALLEL 
  
*** Warning: [DATA] No namelist LIMITER: value given by default (input_data.F90:794)
*** Warning: [DATA] because parameter [skiphole = .T.], new rhomin:   0.0158730159 (input_data.F90:1073)
*** Warning: [DATA] perturb_choice is forced equal to 3 because single_n=.true. (input_data.F90:1199)
*** Warning: [DATA] No namelist F_CS_SAVING: value given by default (input_data.F90:1385)
*** Warning: [DATA] No namelist POPE_OUTPUT: value given by default (input_data.F90:1478)
[CKPT] Using default strategy: "SYNC" (multi_strategy.F90:93)
[CKPT] Species #0 is in mode INIT (checkpointing.F90:132)
[CKPT] Species #1 is in mode INIT (checkpointing.F90:132)
 Nbprocs phi vpar            1           2
[CKPT]  not in restart mode (checkpointing_sync.F90:160)
[MAGNET] Using strategy: "CIRCULAR" (multi_strategy.F90:102)
[ALIGNED] Using strategy: "SPLINE" (multi_strategy.F90:102)
Lagrange polynomial for 1D advection phioverrided by aligned strategy: LAGRANGE 6-pts
 WARNING: minmax_bound =  F
 WARNING: minmax_bound =  F
 ----------------------------------------------
 Initialization of the gyroaverage module
 d_r             =   3.174603174603175E-002
 r_min * d_theta =   7.791648446403256E-004
 r_max * d_theta =   4.908738521234052E-002
 all rho values  =   0.000000000000000E+000  0.461880215351701     
  0.923760430703401        1.38564064605510        1.84752086140680     
   2.30940107675850        2.77128129211020        3.23316150746190     
   3.69504172281360        4.15692193816531        4.61880215351701     
   5.08068236886871        5.54256258422041        6.00444279957211     
   6.46632301492381        6.92820323027551     
 ----------------------------------------------
[QN SOLVER] AE_LIM = F (qn_solver.F90:102)
[QN SOLVER] AE_LIM = F (qn_solver.F90:104)
[QN SOLVER] QN solver = TKE - (n,m*)=(0,0) full kinetic (qn_solver.F90:178)
[COLL] Using strategy: "NONE" (multi_strategy.F90:102)
[ADV2D] Using default strategy: "SPLINE_NEWTON_POLAR_FAST" (multi_strategy.F90:93)
[ADV1D] Using default strategy: "SPLINE" (multi_strategy.F90:93)
 ==> Saving of 3D guiding-center moments: n_GC, V_GC, Ppar_GC and Pperp_GC
 ==> Saving of 3D guiding-center moments: n_trap_GC and Pperp_trap_GC
 ==> Saving of 3D guiding-center fluxes: 
       0       0     500   0.000E+00   1.000E+01  1.401574199024E+08  0.000000000000E+00
------------------------------------------------------------------------------------------------------------
   GStep   LStep  NbStep        Time    TimeStep                  ni                  ne               ni/ne
       1       1     500   1.000E+01   1.000E+01
       2       2     500   2.000E+01   1.000E+01
       3       3     500   3.000E+01   1.000E+01
       4       4     500   4.000E+01   1.000E+01
       5       5     500   5.000E+01   1.000E+01  1.401571399366E+08  0.000000000000E+00
       6       6     500   6.000E+01   1.000E+01
       7       7     500   7.000E+01   1.000E+01
       8       8     500   8.000E+01   1.000E+01
       9       9     500   9.000E+01   1.000E+01
      10      10     500   1.000E+02   1.000E+01  1.401565037484E+08  0.000000000000E+00
      11      11     500   1.100E+02   1.000E+01
      12      12     500   1.200E+02   1.000E+01
      13      13     500   1.300E+02   1.000E+01
      14      14     500   1.400E+02   1.000E+01
      15      15     500   1.500E+02   1.000E+01  1.401557489049E+08  0.000000000000E+00
      16      16     500   1.600E+02   1.000E+01
      17      17     500   1.700E+02   1.000E+01
      18      18     500   1.800E+02   1.000E+01
      19      19     500   1.900E+02   1.000E+01
      20      20     500   2.000E+02   1.000E+01  1.401550322689E+08  0.000000000000E+00
      21      21     500   2.100E+02   1.000E+01
      22      22     500   2.200E+02   1.000E+01
      23      23     500   2.300E+02   1.000E+01
      24      24     500   2.400E+02   1.000E+01
      25      25     500   2.500E+02   1.000E+01  1.401544120227E+08  0.000000000000E+00
      26      26     500   2.600E+02   1.000E+01
      27      27     500   2.700E+02   1.000E+01
      28      28     500   2.800E+02   1.000E+01
      29      29     500   2.900E+02   1.000E+01
      30      30     500   3.000E+02   1.000E+01  1.401538806084E+08  0.000000000000E+00
      31      31     500   3.100E+02   1.000E+01
      32      32     500   3.200E+02   1.000E+01
      33      33     500   3.300E+02   1.000E+01
      34      34     500   3.400E+02   1.000E+01
      35      35     500   3.500E+02   1.000E+01  1.401534086951E+08  0.000000000000E+00
      36      36     500   3.600E+02   1.000E+01
      37      37     500   3.700E+02   1.000E+01
      38      38     500   3.800E+02   1.000E+01
      39      39     500   3.900E+02   1.000E+01
      40      40     500   4.000E+02   1.000E+01  1.401529697706E+08  0.000000000000E+00
------------------------------------------------------------------------------------------------------------
   GStep   LStep  NbStep        Time    TimeStep                  ni                  ne               ni/ne
      41      41     500   4.100E+02   1.000E+01
      42      42     500   4.200E+02   1.000E+01
      43      43     500   4.300E+02   1.000E+01
      44      44     500   4.400E+02   1.000E+01
      45      45     500   4.500E+02   1.000E+01  1.401525461283E+08  0.000000000000E+00
      46      46     500   4.600E+02   1.000E+01
      47      47     500   4.700E+02   1.000E+01
      48      48     500   4.800E+02   1.000E+01
      49      49     500   4.900E+02   1.000E+01
      50      50     500   5.000E+02   1.000E+01  1.401521346039E+08  0.000000000000E+00
      51      51     500   5.100E+02   1.000E+01
      52      52     500   5.200E+02   1.000E+01
      53      53     500   5.300E+02   1.000E+01
      54      54     500   5.400E+02   1.000E+01
      55      55     500   5.500E+02   1.000E+01  1.401517276337E+08  0.000000000000E+00
      56      56     500   5.600E+02   1.000E+01
      57      57     500   5.700E+02   1.000E+01
      58      58     500   5.800E+02   1.000E+01
      59      59     500   5.900E+02   1.000E+01
      60      60     500   6.000E+02   1.000E+01  1.401513027823E+08  0.000000000000E+00
      61      61     500   6.100E+02   1.000E+01
      62      62     500   6.200E+02   1.000E+01
      63      63     500   6.300E+02   1.000E+01
      64      64     500   6.400E+02   1.000E+01
      65      65     500   6.500E+02   1.000E+01  1.401508318536E+08  0.000000000000E+00
      66      66     500   6.600E+02   1.000E+01
      67      67     500   6.700E+02   1.000E+01
      68      68     500   6.800E+02   1.000E+01
      69      69     500   6.900E+02   1.000E+01
      70      70     500   7.000E+02   1.000E+01  1.401502953916E+08  0.000000000000E+00
      71      71     500   7.100E+02   1.000E+01
      72      72     500   7.200E+02   1.000E+01
      73      73     500   7.300E+02   1.000E+01
      74      74     500   7.400E+02   1.000E+01
      75      75     500   7.500E+02   1.000E+01  1.401496843216E+08  0.000000000000E+00
      76      76     500   7.600E+02   1.000E+01
      77      77     500   7.700E+02   1.000E+01
      78      78     500   7.800E+02   1.000E+01
      79      79     500   7.900E+02   1.000E+01
      80      80     500   8.000E+02   1.000E+01  1.401489883041E+08  0.000000000000E+00
------------------------------------------------------------------------------------------------------------
   GStep   LStep  NbStep        Time    TimeStep                  ni                  ne               ni/ne
      81      81     500   8.100E+02   1.000E+01
      82      82     500   8.200E+02   1.000E+01
      83      83     500   8.300E+02   1.000E+01
      84      84     500   8.400E+02   1.000E+01
      85      85     500   8.500E+02   1.000E+01  1.401482024527E+08  0.000000000000E+00
      86      86     500   8.600E+02   1.000E+01
      87      87     500   8.700E+02   1.000E+01
      88      88     500   8.800E+02   1.000E+01
      89      89     500   8.900E+02   1.000E+01
      90      90     500   9.000E+02   1.000E+01  1.401473324085E+08  0.000000000000E+00
      91      91     500   9.100E+02   1.000E+01
      92      92     500   9.200E+02   1.000E+01
      93      93     500   9.300E+02   1.000E+01
      94      94     500   9.400E+02   1.000E+01
      95      95     500   9.500E+02   1.000E+01  1.401463923735E+08  0.000000000000E+00
      96      96     500   9.600E+02   1.000E+01
      97      97     500   9.700E+02   1.000E+01
      98      98     500   9.800E+02   1.000E+01
      99      99     500   9.900E+02   1.000E+01
 ==> Saving of 3D guiding-center moments: n_GC, V_GC, Ppar_GC and Pperp_GC
 ==> Saving of 3D guiding-center moments: n_trap_GC and Pperp_trap_GC
 ==> Saving of 3D guiding-center fluxes: 
     100     100     500   1.000E+03   1.000E+01  1.401453985208E+08  0.000000000000E+00
     101     101     500   1.010E+03   1.000E+01
     102     102     500   1.020E+03   1.000E+01
     103     103     500   1.030E+03   1.000E+01
     104     104     500   1.040E+03   1.000E+01
     105     105     500   1.050E+03   1.000E+01  1.401443608703E+08  0.000000000000E+00
     106     106     500   1.060E+03   1.000E+01
     107     107     500   1.070E+03   1.000E+01
     108     108     500   1.080E+03   1.000E+01
     109     109     500   1.090E+03   1.000E+01
     110     110     500   1.100E+03   1.000E+01  1.401432854825E+08  0.000000000000E+00
     111     111     500   1.110E+03   1.000E+01
     112     112     500   1.120E+03   1.000E+01
     113     113     500   1.130E+03   1.000E+01
     114     114     500   1.140E+03   1.000E+01
     115     115     500   1.150E+03   1.000E+01  1.401421827402E+08  0.000000000000E+00
     116     116     500   1.160E+03   1.000E+01
     117     117     500   1.170E+03   1.000E+01
     118     118     500   1.180E+03   1.000E+01
     119     119     500   1.190E+03   1.000E+01
     120     120     500   1.200E+03   1.000E+01  1.401410654001E+08  0.000000000000E+00
------------------------------------------------------------------------------------------------------------
   GStep   LStep  NbStep        Time    TimeStep                  ni                  ne               ni/ne
     121     121     500   1.210E+03   1.000E+01
     122     122     500   1.220E+03   1.000E+01
     123     123     500   1.230E+03   1.000E+01
     124     124     500   1.240E+03   1.000E+01
     125     125     500   1.250E+03   1.000E+01  1.401399423528E+08  0.000000000000E+00
     126     126     500   1.260E+03   1.000E+01
     127     127     500   1.270E+03   1.000E+01
     128     128     500   1.280E+03   1.000E+01
     129     129     500   1.290E+03   1.000E+01
     130     130     500   1.300E+03   1.000E+01  1.401388183640E+08  0.000000000000E+00
     131     131     500   1.310E+03   1.000E+01
     132     132     500   1.320E+03   1.000E+01
     133     133     500   1.330E+03   1.000E+01
     134     134     500   1.340E+03   1.000E+01
     135     135     500   1.350E+03   1.000E+01  1.401376966242E+08  0.000000000000E+00
     136     136     500   1.360E+03   1.000E+01
     137     137     500   1.370E+03   1.000E+01
     138     138     500   1.380E+03   1.000E+01
     139     139     500   1.390E+03   1.000E+01
     140     140     500   1.400E+03   1.000E+01  1.401365778712E+08  0.000000000000E+00
     141     141     500   1.410E+03   1.000E+01
     142     142     500   1.420E+03   1.000E+01
     143     143     500   1.430E+03   1.000E+01
     144     144     500   1.440E+03   1.000E+01
     145     145     500   1.450E+03   1.000E+01  1.401354606759E+08  0.000000000000E+00
     146     146     500   1.460E+03   1.000E+01
     147     147     500   1.470E+03   1.000E+01
     148     148     500   1.480E+03   1.000E+01
     149     149     500   1.490E+03   1.000E+01
     150     150     500   1.500E+03   1.000E+01  1.401343442483E+08  0.000000000000E+00
     151     151     500   1.510E+03   1.000E+01
     152     152     500   1.520E+03   1.000E+01
     153     153     500   1.530E+03   1.000E+01
     154     154     500   1.540E+03   1.000E+01
     155     155     500   1.550E+03   1.000E+01  1.401332306898E+08  0.000000000000E+00
     156     156     500   1.560E+03   1.000E+01
     157     157     500   1.570E+03   1.000E+01
     158     158     500   1.580E+03   1.000E+01
     159     159     500   1.590E+03   1.000E+01
     160     160     500   1.600E+03   1.000E+01  1.401321233903E+08  0.000000000000E+00
------------------------------------------------------------------------------------------------------------
   GStep   LStep  NbStep        Time    TimeStep                  ni                  ne               ni/ne
     161     161     500   1.610E+03   1.000E+01
     162     162     500   1.620E+03   1.000E+01
     163     163     500   1.630E+03   1.000E+01
     164     164     500   1.640E+03   1.000E+01
     165     165     500   1.650E+03   1.000E+01  1.401310254922E+08  0.000000000000E+00
     166     166     500   1.660E+03   1.000E+01
     167     167     500   1.670E+03   1.000E+01
     168     168     500   1.680E+03   1.000E+01
     169     169     500   1.690E+03   1.000E+01
     170     170     500   1.700E+03   1.000E+01  1.401299384687E+08  0.000000000000E+00
     171     171     500   1.710E+03   1.000E+01
     172     172     500   1.720E+03   1.000E+01
     173     173     500   1.730E+03   1.000E+01
     174     174     500   1.740E+03   1.000E+01
     175     175     500   1.750E+03   1.000E+01  1.401288629295E+08  0.000000000000E+00
     176     176     500   1.760E+03   1.000E+01
     177     177     500   1.770E+03   1.000E+01
     178     178     500   1.780E+03   1.000E+01
     179     179     500   1.790E+03   1.000E+01
     180     180     500   1.800E+03   1.000E+01  1.401277991636E+08  0.000000000000E+00
     181     181     500   1.810E+03   1.000E+01
     182     182     500   1.820E+03   1.000E+01
     183     183     500   1.830E+03   1.000E+01
     184     184     500   1.840E+03   1.000E+01
     185     185     500   1.850E+03   1.000E+01  1.401267459627E+08  0.000000000000E+00
     186     186     500   1.860E+03   1.000E+01
     187     187     500   1.870E+03   1.000E+01
     188     188     500   1.880E+03   1.000E+01
     189     189     500   1.890E+03   1.000E+01
     190     190     500   1.900E+03   1.000E+01  1.401257022491E+08  0.000000000000E+00
     191     191     500   1.910E+03   1.000E+01
     192     192     500   1.920E+03   1.000E+01
     193     193     500   1.930E+03   1.000E+01
     194     194     500   1.940E+03   1.000E+01
     195     195     500   1.950E+03   1.000E+01  1.401246678900E+08  0.000000000000E+00
     196     196     500   1.960E+03   1.000E+01
     197     197     500   1.970E+03   1.000E+01
     198     198     500   1.980E+03   1.000E+01
     199     199     500   1.990E+03   1.000E+01
 ==> Saving of 3D guiding-center moments: n_GC, V_GC, Ppar_GC and Pperp_GC
 ==> Saving of 3D guiding-center moments: n_trap_GC and Pperp_trap_GC
 ==> Saving of 3D guiding-center fluxes: 
     200     200     500   2.000E+03   1.000E+01  1.401236436706E+08  0.000000000000E+00
------------------------------------------------------------------------------------------------------------
   GStep   LStep  NbStep        Time    TimeStep                  ni                  ne               ni/ne
     201     201     500   2.010E+03   1.000E+01
     202     202     500   2.020E+03   1.000E+01
     203     203     500   2.030E+03   1.000E+01
     204     204     500   2.040E+03   1.000E+01
     205     205     500   2.050E+03   1.000E+01  1.401226298567E+08  0.000000000000E+00
     206     206     500   2.060E+03   1.000E+01
     207     207     500   2.070E+03   1.000E+01
     208     208     500   2.080E+03   1.000E+01
     209     209     500   2.090E+03   1.000E+01
     210     210     500   2.100E+03   1.000E+01  1.401216262037E+08  0.000000000000E+00
     211     211     500   2.110E+03   1.000E+01
     212     212     500   2.120E+03   1.000E+01
     213     213     500   2.130E+03   1.000E+01
     214     214     500   2.140E+03   1.000E+01
     215     215     500   2.150E+03   1.000E+01  1.401206323482E+08  0.000000000000E+00
     216     216     500   2.160E+03   1.000E+01
     217     217     500   2.170E+03   1.000E+01
     218     218     500   2.180E+03   1.000E+01
     219     219     500   2.190E+03   1.000E+01
     220     220     500   2.200E+03   1.000E+01  1.401196480619E+08  0.000000000000E+00
     221     221     500   2.210E+03   1.000E+01
     222     222     500   2.220E+03   1.000E+01
     223     223     500   2.230E+03   1.000E+01
     224     224     500   2.240E+03   1.000E+01
     225     225     500   2.250E+03   1.000E+01  1.401186732741E+08  0.000000000000E+00
     226     226     500   2.260E+03   1.000E+01
     227     227     500   2.270E+03   1.000E+01
     228     228     500   2.280E+03   1.000E+01
     229     229     500   2.290E+03   1.000E+01
     230     230     500   2.300E+03   1.000E+01  1.401177072017E+08  0.000000000000E+00
     231     231     500   2.310E+03   1.000E+01
     232     232     500   2.320E+03   1.000E+01
     233     233     500   2.330E+03   1.000E+01
     234     234     500   2.340E+03   1.000E+01
     235     235     500   2.350E+03   1.000E+01  1.401167492970E+08  0.000000000000E+00
     236     236     500   2.360E+03   1.000E+01
     237     237     500   2.370E+03   1.000E+01
     238     238     500   2.380E+03   1.000E+01
     239     239     500   2.390E+03   1.000E+01
     240     240     500   2.400E+03   1.000E+01  1.401157986003E+08  0.000000000000E+00
------------------------------------------------------------------------------------------------------------
   GStep   LStep  NbStep        Time    TimeStep                  ni                  ne               ni/ne
     241     241     500   2.410E+03   1.000E+01
     242     242     500   2.420E+03   1.000E+01
     243     243     500   2.430E+03   1.000E+01
     244     244     500   2.440E+03   1.000E+01
     245     245     500   2.450E+03   1.000E+01  1.401148553851E+08  0.000000000000E+00
     246     246     500   2.460E+03   1.000E+01
     247     247     500   2.470E+03   1.000E+01
     248     248     500   2.480E+03   1.000E+01
     249     249     500   2.490E+03   1.000E+01
     250     250     500   2.500E+03   1.000E+01  1.401139201893E+08  0.000000000000E+00
     251     251     500   2.510E+03   1.000E+01
     252     252     500   2.520E+03   1.000E+01
     253     253     500   2.530E+03   1.000E+01
     254     254     500   2.540E+03   1.000E+01
     255     255     500   2.550E+03   1.000E+01  1.401129931994E+08  0.000000000000E+00
     256     256     500   2.560E+03   1.000E+01
     257     257     500   2.570E+03   1.000E+01
     258     258     500   2.580E+03   1.000E+01
     259     259     500   2.590E+03   1.000E+01
     260     260     500   2.600E+03   1.000E+01  1.401120752820E+08  0.000000000000E+00
     261     261     500   2.610E+03   1.000E+01
     262     262     500   2.620E+03   1.000E+01
     263     263     500   2.630E+03   1.000E+01
     264     264     500   2.640E+03   1.000E+01
     265     265     500   2.650E+03   1.000E+01  1.401111676881E+08  0.000000000000E+00
     266     266     500   2.660E+03   1.000E+01
     267     267     500   2.670E+03   1.000E+01
     268     268     500   2.680E+03   1.000E+01
     269     269     500   2.690E+03   1.000E+01
     270     270     500   2.700E+03   1.000E+01  1.401102721426E+08  0.000000000000E+00
     271     271     500   2.710E+03   1.000E+01
     272     272     500   2.720E+03   1.000E+01
     273     273     500   2.730E+03   1.000E+01
     274     274     500   2.740E+03   1.000E+01
     275     275     500   2.750E+03   1.000E+01  1.401093907195E+08  0.000000000000E+00
     276     276     500   2.760E+03   1.000E+01
     277     277     500   2.770E+03   1.000E+01
     278     278     500   2.780E+03   1.000E+01
     279     279     500   2.790E+03   1.000E+01
     280     280     500   2.800E+03   1.000E+01  1.401085247595E+08  0.000000000000E+00
------------------------------------------------------------------------------------------------------------
   GStep   LStep  NbStep        Time    TimeStep                  ni                  ne               ni/ne
     281     281     500   2.810E+03   1.000E+01
     282     282     500   2.820E+03   1.000E+01
     283     283     500   2.830E+03   1.000E+01
     284     284     500   2.840E+03   1.000E+01
     285     285     500   2.850E+03   1.000E+01  1.401076756994E+08  0.000000000000E+00
     286     286     500   2.860E+03   1.000E+01
     287     287     500   2.870E+03   1.000E+01
     288     288     500   2.880E+03   1.000E+01
     289     289     500   2.890E+03   1.000E+01
     290     290     500   2.900E+03   1.000E+01  1.401068439675E+08  0.000000000000E+00
     291     291     500   2.910E+03   1.000E+01
     292     292     500   2.920E+03   1.000E+01
     293     293     500   2.930E+03   1.000E+01
     294     294     500   2.940E+03   1.000E+01
     295     295     500   2.950E+03   1.000E+01  1.401060278191E+08  0.000000000000E+00
     296     296     500   2.960E+03   1.000E+01
     297     297     500   2.970E+03   1.000E+01
     298     298     500   2.980E+03   1.000E+01
     299     299     500   2.990E+03   1.000E+01
 ==> Saving of 3D guiding-center moments: n_GC, V_GC, Ppar_GC and Pperp_GC
 ==> Saving of 3D guiding-center moments: n_trap_GC and Pperp_trap_GC
 ==> Saving of 3D guiding-center fluxes: 
     300     300     500   3.000E+03   1.000E+01  1.401052249238E+08  0.000000000000E+00
     301     301     500   3.010E+03   1.000E+01
     302     302     500   3.020E+03   1.000E+01
     303     303     500   3.030E+03   1.000E+01
     304     304     500   3.040E+03   1.000E+01
     305     305     500   3.050E+03   1.000E+01  1.401044322425E+08  0.000000000000E+00
     306     306     500   3.060E+03   1.000E+01
     307     307     500   3.070E+03   1.000E+01
     308     308     500   3.080E+03   1.000E+01
     309     309     500   3.090E+03   1.000E+01
     310     310     500   3.100E+03   1.000E+01  1.401036471072E+08  0.000000000000E+00
     311     311     500   3.110E+03   1.000E+01
     312     312     500   3.120E+03   1.000E+01
     313     313     500   3.130E+03   1.000E+01
     314     314     500   3.140E+03   1.000E+01
     315     315     500   3.150E+03   1.000E+01  1.401028676709E+08  0.000000000000E+00
     316     316     500   3.160E+03   1.000E+01
     317     317     500   3.170E+03   1.000E+01
     318     318     500   3.180E+03   1.000E+01
     319     319     500   3.190E+03   1.000E+01
     320     320     500   3.200E+03   1.000E+01  1.401020927228E+08  0.000000000000E+00
------------------------------------------------------------------------------------------------------------
   GStep   LStep  NbStep        Time    TimeStep                  ni                  ne               ni/ne
     321     321     500   3.210E+03   1.000E+01
     322     322     500   3.220E+03   1.000E+01
     323     323     500   3.230E+03   1.000E+01
     324     324     500   3.240E+03   1.000E+01
     325     325     500   3.250E+03   1.000E+01  1.401013215697E+08  0.000000000000E+00
     326     326     500   3.260E+03   1.000E+01
     327     327     500   3.270E+03   1.000E+01
     328     328     500   3.280E+03   1.000E+01
     329     329     500   3.290E+03   1.000E+01
     330     330     500   3.300E+03   1.000E+01  1.401005541043E+08  0.000000000000E+00
     331     331     500   3.310E+03   1.000E+01
     332     332     500   3.320E+03   1.000E+01
     333     333     500   3.330E+03   1.000E+01
     334     334     500   3.340E+03   1.000E+01
     335     335     500   3.350E+03   1.000E+01  1.400997921080E+08  0.000000000000E+00
     336     336     500   3.360E+03   1.000E+01
     337     337     500   3.370E+03   1.000E+01
     338     338     500   3.380E+03   1.000E+01
     339     339     500   3.390E+03   1.000E+01
     340     340     500   3.400E+03   1.000E+01  1.400990389904E+08  0.000000000000E+00
     341     341     500   3.410E+03   1.000E+01
     342     342     500   3.420E+03   1.000E+01
     343     343     500   3.430E+03   1.000E+01
     344     344     500   3.440E+03   1.000E+01
     345     345     500   3.450E+03   1.000E+01  1.400982976137E+08  0.000000000000E+00
     346     346     500   3.460E+03   1.000E+01
     347     347     500   3.470E+03   1.000E+01
     348     348     500   3.480E+03   1.000E+01
     349     349     500   3.490E+03   1.000E+01
     350     350     500   3.500E+03   1.000E+01  1.400975703115E+08  0.000000000000E+00
     351     351     500   3.510E+03   1.000E+01
     352     352     500   3.520E+03   1.000E+01
     353     353     500   3.530E+03   1.000E+01
     354     354     500   3.540E+03   1.000E+01
     355     355     500   3.550E+03   1.000E+01  1.400968593755E+08  0.000000000000E+00
     356     356     500   3.560E+03   1.000E+01
     357     357     500   3.570E+03   1.000E+01
     358     358     500   3.580E+03   1.000E+01
     359     359     500   3.590E+03   1.000E+01
     360     360     500   3.600E+03   1.000E+01  1.400961668665E+08  0.000000000000E+00
------------------------------------------------------------------------------------------------------------
   GStep   LStep  NbStep        Time    TimeStep                  ni                  ne               ni/ne
     361     361     500   3.610E+03   1.000E+01
     362     362     500   3.620E+03   1.000E+01
     363     363     500   3.630E+03   1.000E+01
     364     364     500   3.640E+03   1.000E+01
     365     365     500   3.650E+03   1.000E+01  1.400954950735E+08  0.000000000000E+00
     366     366     500   3.660E+03   1.000E+01
     367     367     500   3.670E+03   1.000E+01
     368     368     500   3.680E+03   1.000E+01
     369     369     500   3.690E+03   1.000E+01
     370     370     500   3.700E+03   1.000E+01  1.400948453562E+08  0.000000000000E+00
     371     371     500   3.710E+03   1.000E+01
     372     372     500   3.720E+03   1.000E+01
     373     373     500   3.730E+03   1.000E+01
     374     374     500   3.740E+03   1.000E+01
     375     375     500   3.750E+03   1.000E+01  1.400942183799E+08  0.000000000000E+00
     376     376     500   3.760E+03   1.000E+01
     377     377     500   3.770E+03   1.000E+01
     378     378     500   3.780E+03   1.000E+01
     379     379     500   3.790E+03   1.000E+01
     380     380     500   3.800E+03   1.000E+01  1.400936159128E+08  0.000000000000E+00
     381     381     500   3.810E+03   1.000E+01
     382     382     500   3.820E+03   1.000E+01
     383     383     500   3.830E+03   1.000E+01
     384     384     500   3.840E+03   1.000E+01
     385     385     500   3.850E+03   1.000E+01  1.400930407630E+08  0.000000000000E+00
     386     386     500   3.860E+03   1.000E+01
     387     387     500   3.870E+03   1.000E+01
     388     388     500   3.880E+03   1.000E+01
     389     389     500   3.890E+03   1.000E+01
     390     390     500   3.900E+03   1.000E+01  1.400924963976E+08  0.000000000000E+00
     391     391     500   3.910E+03   1.000E+01
     392     392     500   3.920E+03   1.000E+01
     393     393     500   3.930E+03   1.000E+01
     394     394     500   3.940E+03   1.000E+01
     395     395     500   3.950E+03   1.000E+01  1.400919867007E+08  0.000000000000E+00
     396     396     500   3.960E+03   1.000E+01
     397     397     500   3.970E+03   1.000E+01
     398     398     500   3.980E+03   1.000E+01
     399     399     500   3.990E+03   1.000E+01
 ==> Saving of 3D guiding-center moments: n_GC, V_GC, Ppar_GC and Pperp_GC
 ==> Saving of 3D guiding-center moments: n_trap_GC and Pperp_trap_GC
 ==> Saving of 3D guiding-center fluxes: 
     400     400     500   4.000E+03   1.000E+01  1.400915151318E+08  0.000000000000E+00
[CKPT] Writing intermediate checkpoint (checkpointing_sync.F90:414)
------------------------------------------------------------------------------------------------------------
   GStep   LStep  NbStep        Time    TimeStep                  ni                  ne               ni/ne
     401     401     500   4.010E+03   1.000E+01
     402     402     500   4.020E+03   1.000E+01
     403     403     500   4.030E+03   1.000E+01
     404     404     500   4.040E+03   1.000E+01
     405     405     500   4.050E+03   1.000E+01  1.400910853644E+08  0.000000000000E+00
     406     406     500   4.060E+03   1.000E+01
     407     407     500   4.070E+03   1.000E+01
     408     408     500   4.080E+03   1.000E+01
     409     409     500   4.090E+03   1.000E+01
     410     410     500   4.100E+03   1.000E+01  1.400907000504E+08  0.000000000000E+00
     411     411     500   4.110E+03   1.000E+01
     412     412     500   4.120E+03   1.000E+01
     413     413     500   4.130E+03   1.000E+01
     414     414     500   4.140E+03   1.000E+01
     415     415     500   4.150E+03   1.000E+01  1.400903604851E+08  0.000000000000E+00
     416     416     500   4.160E+03   1.000E+01
     417     417     500   4.170E+03   1.000E+01
     418     418     500   4.180E+03   1.000E+01
     419     419     500   4.190E+03   1.000E+01
     420     420     500   4.200E+03   1.000E+01  1.400900685324E+08  0.000000000000E+00
     421     421     500   4.210E+03   1.000E+01
     422     422     500   4.220E+03   1.000E+01
     423     423     500   4.230E+03   1.000E+01
     424     424     500   4.240E+03   1.000E+01
     425     425     500   4.250E+03   1.000E+01  1.400898273757E+08  0.000000000000E+00
     426     426     500   4.260E+03   1.000E+01
     427     427     500   4.270E+03   1.000E+01
     428     428     500   4.280E+03   1.000E+01
     429     429     500   4.290E+03   1.000E+01
     430     430     500   4.300E+03   1.000E+01  1.400896401154E+08  0.000000000000E+00
     431     431     500   4.310E+03   1.000E+01
     432     432     500   4.320E+03   1.000E+01
     433     433     500   4.330E+03   1.000E+01
     434     434     500   4.340E+03   1.000E+01
     435     435     500   4.350E+03   1.000E+01  1.400895078536E+08  0.000000000000E+00
     436     436     500   4.360E+03   1.000E+01
     437     437     500   4.370E+03   1.000E+01
     438     438     500   4.380E+03   1.000E+01
     439     439     500   4.390E+03   1.000E+01
     440     440     500   4.400E+03   1.000E+01  1.400894310851E+08  0.000000000000E+00
------------------------------------------------------------------------------------------------------------
   GStep   LStep  NbStep        Time    TimeStep                  ni                  ne               ni/ne
     441     441     500   4.410E+03   1.000E+01
     442     442     500   4.420E+03   1.000E+01
     443     443     500   4.430E+03   1.000E+01
     444     444     500   4.440E+03   1.000E+01
     445     445     500   4.450E+03   1.000E+01  1.400894119365E+08  0.000000000000E+00
     446     446     500   4.460E+03   1.000E+01
     447     447     500   4.470E+03   1.000E+01
     448     448     500   4.480E+03   1.000E+01
     449     449     500   4.490E+03   1.000E+01
     450     450     500   4.500E+03   1.000E+01  1.400894536778E+08  0.000000000000E+00
     451     451     500   4.510E+03   1.000E+01
     452     452     500   4.520E+03   1.000E+01
     453     453     500   4.530E+03   1.000E+01
     454     454     500   4.540E+03   1.000E+01
     455     455     500   4.550E+03   1.000E+01  1.400895591119E+08  0.000000000000E+00
     456     456     500   4.560E+03   1.000E+01
     457     457     500   4.570E+03   1.000E+01
     458     458     500   4.580E+03   1.000E+01
     459     459     500   4.590E+03   1.000E+01
     460     460     500   4.600E+03   1.000E+01  1.400897303454E+08  0.000000000000E+00
     461     461     500   4.610E+03   1.000E+01
     462     462     500   4.620E+03   1.000E+01
     463     463     500   4.630E+03   1.000E+01
     464     464     500   4.640E+03   1.000E+01
     465     465     500   4.650E+03   1.000E+01  1.400899691966E+08  0.000000000000E+00
     466     466     500   4.660E+03   1.000E+01
     467     467     500   4.670E+03   1.000E+01
     468     468     500   4.680E+03   1.000E+01
     469     469     500   4.690E+03   1.000E+01
     470     470     500   4.700E+03   1.000E+01  1.400902779717E+08  0.000000000000E+00
     471     471     500   4.710E+03   1.000E+01
     472     472     500   4.720E+03   1.000E+01
     473     473     500   4.730E+03   1.000E+01
     474     474     500   4.740E+03   1.000E+01
     475     475     500   4.750E+03   1.000E+01  1.400906613164E+08  0.000000000000E+00
     476     476     500   4.760E+03   1.000E+01
     477     477     500   4.770E+03   1.000E+01
     478     478     500   4.780E+03   1.000E+01
     479     479     500   4.790E+03   1.000E+01
     480     480     500   4.800E+03   1.000E+01  1.400911254578E+08  0.000000000000E+00
------------------------------------------------------------------------------------------------------------
   GStep   LStep  NbStep        Time    TimeStep                  ni                  ne               ni/ne
     481     481     500   4.810E+03   1.000E+01
     482     482     500   4.820E+03   1.000E+01
     483     483     500   4.830E+03   1.000E+01
     484     484     500   4.840E+03   1.000E+01
     485     485     500   4.850E+03   1.000E+01  1.400916765944E+08  0.000000000000E+00
     486     486     500   4.860E+03   1.000E+01
     487     487     500   4.870E+03   1.000E+01
     488     488     500   4.880E+03   1.000E+01
     489     489     500   4.890E+03   1.000E+01
     490     490     500   4.900E+03   1.000E+01  1.400923208260E+08  0.000000000000E+00
     491     491     500   4.910E+03   1.000E+01
     492     492     500   4.920E+03   1.000E+01
     493     493     500   4.930E+03   1.000E+01
     494     494     500   4.940E+03   1.000E+01
     495     495     500   4.950E+03   1.000E+01  1.400930641735E+08  0.000000000000E+00
     496     496     500   4.960E+03   1.000E+01
     497     497     500   4.970E+03   1.000E+01
     498     498     500   4.980E+03   1.000E+01
     499     499     500   4.990E+03   1.000E+01
 ==> Saving of 3D guiding-center moments: n_GC, V_GC, Ppar_GC and Pperp_GC
 ==> Saving of 3D guiding-center moments: n_trap_GC and Pperp_trap_GC
 ==> Saving of 3D guiding-center fluxes: 
     500     500     500   5.000E+03   1.000E+01  1.400939140043E+08  0.000000000000E+00
[CKPT] writing last restart files before stop ... (checkpointing.F90:703)
[60] Maximum memory consumption: 394165304 Bytes
[3] Maximum memory consumption: 394000504 Bytes
[46] Maximum memory consumption: 394165304 Bytes
[62] Maximum memory consumption: 394165304 Bytes
[6] Maximum memory consumption: 394165304 Bytes
[63] Maximum memory consumption: 394000504 Bytes
[61] Maximum memory consumption: 394000504 Bytes
[4] Maximum memory consumption: 394165304 Bytes
[56] Maximum memory consumption: 394165304 Bytes
[1] Maximum memory consumption: 394000504 Bytes
[2] Maximum memory consumption: 394165304 Bytes
[14] Maximum memory consumption: 394165304 Bytes
[28] Maximum memory consumption: 394165304 Bytes
[8] Maximum memory consumption: 394165304 Bytes
[5] Maximum memory consumption: 394000504 Bytes
[7] Maximum memory consumption: 394000504 Bytes
[31] Maximum memory consumption: 394000504 Bytes
[0] Maximum memory consumption: 394165304 Bytes
[9] Maximum memory consumption: 394000504 Bytes
[41] Maximum memory consumption: 394000504 Bytes
[45] Maximum memory consumption: 394000504 Bytes
[47] Maximum memory consumption: 394000504 Bytes
[43] Maximum memory consumption: 394000504 Bytes
[49] Maximum memory consumption: 394000504 Bytes
[42] Maximum memory consumption: 394165304 Bytes
[48] Maximum memory consumption: 394165304 Bytes
[40] Maximum memory consumption: 394165304 Bytes
[44] Maximum memory consumption: 394165304 Bytes
[59] Maximum memory consumption: 394000504 Bytes
[54] Maximum memory consumption: 394165304 Bytes
[18] Maximum memory consumption: 394165304 Bytes
[23] Maximum memory consumption: 394000504 Bytes
[55] Maximum memory consumption: 394000504 Bytes
[39] Maximum memory consumption: 394000504 Bytes
[12] Maximum memory consumption: 394165304 Bytes
[29] Maximum memory consumption: 394000504 Bytes
[57] Maximum memory consumption: 394000504 Bytes
[35] Maximum memory consumption: 394000504 Bytes
[17] Maximum memory consumption: 394000504 Bytes
[26] Maximum memory consumption: 394165304 Bytes
[50] Maximum memory consumption: 394165304 Bytes
[33] Maximum memory consumption: 394000504 Bytes
[19] Maximum memory consumption: 394000504 Bytes
[27] Maximum memory consumption: 394000504 Bytes
[51] Maximum memory consumption: 394000504 Bytes
[30] Maximum memory consumption: 394165304 Bytes
[11] Maximum memory consumption: 394000504 Bytes
[21] Maximum memory consumption: 394000504 Bytes
[52] Maximum memory consumption: 394165304 Bytes
[34] Maximum memory consumption: 394165304 Bytes
[10] Maximum memory consumption: 394165304 Bytes
[24] Maximum memory consumption: 394165304 Bytes
[53] Maximum memory consumption: 394000504 Bytes
[36] Maximum memory consumption: 394165304 Bytes
[13] Maximum memory consumption: 394000504 Bytes
[25] Maximum memory consumption: 394000504 Bytes
[58] Maximum memory consumption: 394165304 Bytes
[38] Maximum memory consumption: 394165304 Bytes
[16] Maximum memory consumption: 394165304 Bytes
[20] Maximum memory consumption: 394165304 Bytes
[32] Maximum memory consumption: 394165304 Bytes
[15] Maximum memory consumption: 394000504 Bytes
[22] Maximum memory consumption: 394165304 Bytes
[37] Maximum memory consumption: 394000504 Bytes
